# JRE version: OpenJDK Runtime Environment (8.0_242-b01) (build 1.8.0_242-release-1644-b01)
# Java VM: OpenJDK 64-Bit Server VM (25.242-b01 mixed mode windows-amd64 compressed oops)
Heap:
 PSYoungGen      total 448000K, used 22846K [0x00000000d5580000, 0x00000000f7280000, 0x0000000100000000)
  eden space 408064K, 3% used [0x00000000d5580000,0x00000000d6475f20,0x00000000ee400000)
  from space 39936K, 18% used [0x00000000ee400000,0x00000000eeb599c8,0x00000000f0b00000)
  to   space 39424K, 0% used [0x00000000f4c00000,0x00000000f4c00000,0x00000000f7280000)
 ParOldGen       total 199680K, used 81427K [0x0000000080000000, 0x000000008c300000, 0x00000000d5580000)
  object space 199680K, 40% used [0x0000000080000000,0x0000000084f84e40,0x000000008c300000)
 Metaspace       used 88014K, capacity 91730K, committed 91776K, reserved 1128448K
  class space    used 11404K, capacity 12144K, committed 12160K, reserved 1048576K
GC Heap History (10 events):
Event: 9.088 GC heap before
{Heap before GC invocations=10 (full 2):
 PSYoungGen      total 239616K, used 67624K [0x00000000d5580000, 0x00000000ed000000, 0x0000000100000000)
  eden space 224768K, 23% used [0x00000000d5580000,0x00000000d890afe0,0x00000000e3100000)
  from space 14848K, 99% used [0x00000000e3100000,0x00000000e3f7f310,0x00000000e3f80000)
  to   space 22528K, 0% used [0x00000000eba00000,0x00000000eba00000,0x00000000ed000000)
 ParOldGen       total 137728K, used 28358K [0x0000000080000000, 0x0000000088680000, 0x00000000d5580000)
  object space 137728K, 20% used [0x0000000080000000,0x0000000081bb1ba0,0x0000000088680000)
 Metaspace       used 57009K, capacity 58920K, committed 59028K, reserved 1099776K
  class space    used 7711K, capacity 8117K, committed 8192K, reserved 1048576K
Event: 9.107 GC heap after
Heap after GC invocations=10 (full 2):
 PSYoungGen      total 362496K, used 20009K [0x00000000d5580000, 0x00000000ed700000, 0x0000000100000000)
  eden space 339968K, 0% used [0x00000000d5580000,0x00000000d5580000,0x00000000ea180000)
  from space 22528K, 88% used [0x00000000eba00000,0x00000000ecd8a430,0x00000000ed000000)
  to   space 25088K, 0% used [0x00000000ea180000,0x00000000ea180000,0x00000000eba00000)
 ParOldGen       total 137728K, used 28430K [0x0000000080000000, 0x0000000088680000, 0x00000000d5580000)
  object space 137728K, 20% used [0x0000000080000000,0x0000000081bc3bb0,0x0000000088680000)
 Metaspace       used 57009K, capacity 58920K, committed 59028K, reserved 1099776K
  class space    used 7711K, capacity 8117K, committed 8192K, reserved 1048576K
}
Event: 9.107 GC heap before
{Heap before GC invocations=11 (full 3):
 PSYoungGen      total 362496K, used 20009K [0x00000000d5580000, 0x00000000ed700000, 0x0000000100000000)
  eden space 339968K, 0% used [0x00000000d5580000,0x00000000d5580000,0x00000000ea180000)
  from space 22528K, 88% used [0x00000000eba00000,0x00000000ecd8a430,0x00000000ed000000)
  to   space 25088K, 0% used [0x00000000ea180000,0x00000000ea180000,0x00000000eba00000)
 ParOldGen       total 137728K, used 28430K [0x0000000080000000, 0x0000000088680000, 0x00000000d5580000)
  object space 137728K, 20% used [0x0000000080000000,0x0000000081bc3bb0,0x0000000088680000)
 Metaspace       used 57009K, capacity 58920K, committed 59028K, reserved 1099776K
  class space    used 7711K, capacity 8117K, committed 8192K, reserved 1048576K
Event: 9.285 GC heap after
Heap after GC invocations=11 (full 3):
 PSYoungGen      total 362496K, used 0K [0x00000000d5580000, 0x00000000ed700000, 0x0000000100000000)
  eden space 339968K, 0% used [0x00000000d5580000,0x00000000d5580000,0x00000000ea180000)
  from space 22528K, 0% used [0x00000000eba00000,0x00000000eba00000,0x00000000ed000000)
  to   space 25088K, 0% used [0x00000000ea180000,0x00000000ea180000,0x00000000eba00000)
 ParOldGen       total 199680K, used 33135K [0x0000000080000000, 0x000000008c300000, 0x00000000d5580000)
  object space 199680K, 16% used [0x0000000080000000,0x000000008205bd38,0x000000008c300000)
 Metaspace       used 57000K, capacity 58890K, committed 59028K, reserved 1099776K
  class space    used 7708K, capacity 8112K, committed 8192K, reserved 1048576K
}
Event: 13.744 GC heap before
{Heap before GC invocations=12 (full 3):
 PSYoungGen      total 362496K, used 339968K [0x00000000d5580000, 0x00000000ed700000, 0x0000000100000000)
  eden space 339968K, 100% used [0x00000000d5580000,0x00000000ea180000,0x00000000ea180000)
  from space 22528K, 0% used [0x00000000eba00000,0x00000000eba00000,0x00000000ed000000)
  to   space 25088K, 0% used [0x00000000ea180000,0x00000000ea180000,0x00000000eba00000)
 ParOldGen       total 199680K, used 33135K [0x0000000080000000, 0x000000008c300000, 0x00000000d5580000)
  object space 199680K, 16% used [0x0000000080000000,0x000000008205bd38,0x000000008c300000)
 Metaspace       used 71602K, capacity 74442K, committed 74752K, reserved 1114112K
  class space    used 9600K, capacity 10174K, committed 10240K, reserved 1048576K
Event: 13.776 GC heap after
Heap after GC invocations=12 (full 3):
 PSYoungGen      total 365056K, used 25072K [0x00000000d5580000, 0x00000000f2b80000, 0x0000000100000000)
  eden space 339968K, 0% used [0x00000000d5580000,0x00000000d5580000,0x00000000ea180000)
  from space 25088K, 99% used [0x00000000ea180000,0x00000000eb9fc2e0,0x00000000eba00000)
  to   space 30720K, 0% used [0x00000000f0d80000,0x00000000f0d80000,0x00000000f2b80000)
 ParOldGen       total 199680K, used 38327K [0x0000000080000000, 0x000000008c300000, 0x00000000d5580000)
  object space 199680K, 19% used [0x0000000080000000,0x000000008256dc90,0x000000008c300000)
 Metaspace       used 71602K, capacity 74442K, committed 74752K, reserved 1114112K
  class space    used 9600K, capacity 10174K, committed 10240K, reserved 1048576K
}
Event: 31.554 GC heap before
{Heap before GC invocations=13 (full 3):
 PSYoungGen      total 365056K, used 365040K [0x00000000d5580000, 0x00000000f2b80000, 0x0000000100000000)
  eden space 339968K, 100% used [0x00000000d5580000,0x00000000ea180000,0x00000000ea180000)
  from space 25088K, 99% used [0x00000000ea180000,0x00000000eb9fc2e0,0x00000000eba00000)
  to   space 30720K, 0% used [0x00000000f0d80000,0x00000000f0d80000,0x00000000f2b80000)
 ParOldGen       total 199680K, used 38327K [0x0000000080000000, 0x000000008c300000, 0x00000000d5580000)
  object space 199680K, 19% used [0x0000000080000000,0x000000008256dc90,0x000000008c300000)
 Metaspace       used 83962K, capacity 87254K, committed 87424K, reserved 1124352K
  class space    used 11142K, capacity 11802K, committed 11904K, reserved 1048576K
Event: 31.594 GC heap after
Heap after GC invocations=13 (full 3):
 PSYoungGen      total 438784K, used 30714K [0x00000000d5580000, 0x00000000f3200000, 0x0000000100000000)
  eden space 408064K, 0% used [0x00000000d5580000,0x00000000d5580000,0x00000000ee400000)
  from space 30720K, 99% used [0x00000000f0d80000,0x00000000f2b7ea78,0x00000000f2b80000)
  to   space 39936K, 0% used [0x00000000ee400000,0x00000000ee400000,0x00000000f0b00000)
 ParOldGen       total 199680K, used 51385K [0x0000000080000000, 0x000000008c300000, 0x00000000d5580000)
  object space 199680K, 25% used [0x0000000080000000,0x000000008322e758,0x000000008c300000)
 Metaspace       used 83962K, capacity 87254K, committed 87424K, reserved 1124352K
  class space    used 11142K, capacity 11802K, committed 11904K, reserved 1048576K
}
Event: 1360.471 GC heap before
{Heap before GC invocations=14 (full 3):
 PSYoungGen      total 438784K, used 438778K [0x00000000d5580000, 0x00000000f3200000, 0x0000000100000000)
  eden space 408064K, 100% used [0x00000000d5580000,0x00000000ee400000,0x00000000ee400000)
  from space 30720K, 99% used [0x00000000f0d80000,0x00000000f2b7ea78,0x00000000f2b80000)
  to   space 39936K, 0% used [0x00000000ee400000,0x00000000ee400000,0x00000000f0b00000)
 ParOldGen       total 199680K, used 51385K [0x0000000080000000, 0x000000008c300000, 0x00000000d5580000)
  object space 199680K, 25% used [0x0000000080000000,0x000000008322e758,0x000000008c300000)
 Metaspace       used 87994K, capacity 91724K, committed 91776K, reserved 1128448K
  class space    used 11404K, capacity 12143K, committed 12160K, reserved 1048576K
Event: 1360.527 GC heap after
Heap after GC invocations=14 (full 3):
 PSYoungGen      total 448000K, used 7526K [0x00000000d5580000, 0x00000000f7280000, 0x0000000100000000)
  eden space 408064K, 0% used [0x00000000d5580000,0x00000000d5580000,0x00000000ee400000)
  from space 39936K, 18% used [0x00000000ee400000,0x00000000eeb599c8,0x00000000f0b00000)
  to   space 39424K, 0% used [0x00000000f4c00000,0x00000000f4c00000,0x00000000f7280000)
 ParOldGen       total 199680K, used 81427K [0x0000000080000000, 0x000000008c300000, 0x00000000d5580000)
  object space 199680K, 40% used [0x0000000080000000,0x0000000084f84e40,0x000000008c300000)
 Metaspace       used 87994K, capacity 91724K, committed 91776K, reserved 1128448K
  class space    used 11404K, capacity 12143K, committed 12160K, reserved 1048576K
}

